<?xml version="1.0" encoding="UTF-8"?>
<testng-results ignored="0" total="1" passed="1" failed="0" skipped="0">
  <reporter-output>
  </reporter-output>
  <suite started-at="2023-09-25T18:47:11 EDT" name="Default suite" finished-at="2023-09-25T18:47:33 EDT" duration-ms="21330">
    <groups>
      <group name="cucumber">
        <method signature="AbstractTestNGCucumberTests.runScenario(io.cucumber.testng.PickleWrapper,io.cucumber.testng.FeatureWrapper)[pri:0, instance:dsAlgoTestRunner.Runner@37313c65]" name="runScenario" class="io.cucumber.testng.AbstractTestNGCucumberTests"/>
      </group> <!-- cucumber -->
    </groups>
    <test started-at="2023-09-25T18:47:11 EDT" name="Default test" finished-at="2023-09-25T18:47:33 EDT" duration-ms="21330">
      <class name="dsAlgoTestRunner.Runner">
        <test-method is-config="true" signature="setUpClass()[pri:0, instance:dsAlgoTestRunner.Runner@37313c65]" started-at="2023-09-25T18:47:11 EDT" name="setUpClass" finished-at="2023-09-25T18:47:11 EDT" duration-ms="227" status="PASS">
          <reporter-output>
          </reporter-output>
        </test-method> <!-- setUpClass -->
        <test-method signature="runScenario(io.cucumber.testng.PickleWrapper,io.cucumber.testng.FeatureWrapper)[pri:0, instance:dsAlgoTestRunner.Runner@37313c65]" started-at="2023-09-25T18:47:11 EDT" name="runScenario" description="Runs Cucumber Scenarios" data-provider="scenarios" finished-at="2023-09-25T18:47:32 EDT" duration-ms="20899" status="PASS">
          <params>
            <param index="0">
              <value>
                <![CDATA["Successful code execution on TryHere for  Array in python sub-module"]]>
              </value>
            </param>
            <param index="1">
              <value>
                <![CDATA["Optional[Array feature]"]]>
              </value>
            </param>
          </params>
          <reporter-output>
          </reporter-output>
        </test-method> <!-- runScenario -->
        <test-method is-config="true" signature="tearDownClass()[pri:0, instance:dsAlgoTestRunner.Runner@37313c65]" started-at="2023-09-25T18:47:32 EDT" name="tearDownClass" finished-at="2023-09-25T18:47:32 EDT" duration-ms="14" status="PASS">
          <reporter-output>
          </reporter-output>
        </test-method> <!-- tearDownClass -->
      </class> <!-- dsAlgoTestRunner.Runner -->
    </test> <!-- Default test -->
  </suite> <!-- Default suite -->
</testng-results>
